<?xml version="1.0" encoding="UTF-8"?>
<!-- Generated by org.testng.reporters.JUnitReportReporter -->
<testsuite hostname="RADHA" failures="0" tests="1" name="TestCase.CreateNewLeadFromCRM" time="63.887" errors="0" timestamp="2025-06-03T18:38:09 IST" skipped="0">
  <testcase classname="TestCase.CreateNewLeadFromCRM" name="leadAssignementToInfinity" time="63.887"/>
</testsuite> <!-- TestCase.CreateNewLeadFromCRM -->
