<?xml version="1.0" encoding="UTF-8"?>
<!-- Generated by org.testng.reporters.JUnitReportReporter -->
<testsuite hostname="RADHA" failures="0" tests="1" name="TestCase.CreateNewLeadFromCRM" time="69.598" errors="0" timestamp="2025-06-03T22:20:09 IST" skipped="0">
  <testcase classname="TestCase.CreateNewLeadFromCRM" name="leadAssignementToInfinity" time="69.598"/>
</testsuite> <!-- TestCase.CreateNewLeadFromCRM -->
